This file contains any messages produced by compilers while
running configure, to aid debugging if configure makes a mistake.

It was created by configure, which was
generated by GNU Autoconf 2.61.  Invocation command line was

  $ ./configure 

## --------- ##
## Platform. ##
## --------- ##

hostname = someserver.tld
uname -m = i686
uname -r = 3.19.2-gentoo
uname -s = Linux
uname -v = #1 SMP Tue Mar 31 11:21:25 CEST 2015

/usr/bin/uname -p = Intel(R) Core(TM) i7-2600 CPU @ 3.40GHz
/bin/uname -X     = unknown

/bin/arch              = unknown
/usr/bin/arch -k       = unknown
/usr/convex/getsysinfo = unknown
/usr/bin/hostinfo      = unknown
/bin/machine           = unknown
/usr/bin/oslevel       = unknown
/bin/universe          = unknown

PATH: /sbin
PATH: /bin
PATH: /usr/sbin
PATH: /usr/bin


## ----------- ##
## Core tests. ##
## ----------- ##

configure:1885: checking for a BSD-compatible install
configure:1941: result: /usr/bin/install -c
configure:1952: checking whether build environment is sane
configure:1995: result: yes
configure:2023: checking for a thread-safe mkdir -p
configure:2062: result: /bin/mkdir -p
configure:2075: checking for gawk
configure:2091: found /usr/bin/gawk
configure:2102: result: gawk
configure:2113: checking whether make sets $(MAKE)
configure:2134: result: yes
configure:2397: checking for gcc
configure:2413: found /usr/bin/gcc
configure:2424: result: gcc
configure:2662: checking for C compiler version
configure:2669: gcc --version >&5
gcc (Gentoo 4.9.2 p1.0, pie-0.6.2) 4.9.2
Copyright (C) 2014 Free Software Foundation, Inc.
This is free software; see the source for copying conditions.  There is NO
warranty; not even for MERCHANTABILITY or FITNESS FOR A PARTICULAR PURPOSE.

configure:2672: $? = 0
configure:2679: gcc -v >&5
Using built-in specs.
COLLECT_GCC=/usr/i686-pc-linux-gnu/gcc-bin/4.9.2/gcc
COLLECT_LTO_WRAPPER=/usr/libexec/gcc/i686-pc-linux-gnu/4.9.2/lto-wrapper
Target: i686-pc-linux-gnu
Configured with: /var/tmp/portage/sys-devel/gcc-4.9.2/work/gcc-4.9.2/configure --host=i686-pc-linux-gnu --build=i686-pc-linux-gnu --prefix=/usr --bindir=/usr/i686-pc-linux-gnu/gcc-bin/4.9.2 --includedir=/usr/lib/gcc/i686-pc-linux-gnu/4.9.2/include --datadir=/usr/share/gcc-data/i686-pc-linux-gnu/4.9.2 --mandir=/usr/share/gcc-data/i686-pc-linux-gnu/4.9.2/man --infodir=/usr/share/gcc-data/i686-pc-linux-gnu/4.9.2/info --with-gxx-include-dir=/usr/lib/gcc/i686-pc-linux-gnu/4.9.2/include/g++-v4 --with-python-dir=/share/gcc-data/i686-pc-linux-gnu/4.9.2/python --enable-languages=c,c++,fortran --enable-obsolete --enable-secureplt --disable-werror --with-system-zlib --enable-nls --without-included-gettext --enable-checking=release --with-bugurl=https://bugs.gentoo.org/ --with-pkgversion='Gentoo 4.9.2 p1.0, pie-0.6.2' --enable-libstdcxx-time --enable-shared --enable-threads=posix --enable-__cxa_atexit --enable-clocale=gnu --disable-multilib --disable-altivec --disable-fixed-point --with-arch=i686 --enable-targets=all --disable-libgcj --enable-libgomp --disable-libmudflap --disable-libssp --enable-lto --without-cloog --enable-libsanitizer
Thread model: posix
gcc version 4.9.2 (Gentoo 4.9.2 p1.0, pie-0.6.2) 
configure:2682: $? = 0
configure:2689: gcc -V >&5
gcc: error: unrecognized command line option '-V'
gcc: fatal error: no input files
compilation terminated.
configure:2692: $? = 1
configure:2715: checking for C compiler default output file name
configure:2742: gcc    conftest.c  >&5
configure:2745: $? = 0
configure:2783: result: a.out
configure:2800: checking whether the C compiler works
configure:2810: ./a.out
configure:2813: $? = 0
configure:2830: result: yes
configure:2837: checking whether we are cross compiling
configure:2839: result: no
configure:2842: checking for suffix of executables
configure:2849: gcc -o conftest    conftest.c  >&5
configure:2852: $? = 0
configure:2876: result: 
configure:2882: checking for suffix of object files
configure:2908: gcc -c   conftest.c >&5
configure:2911: $? = 0
configure:2934: result: o
configure:2938: checking whether we are using the GNU C compiler
configure:2967: gcc -c   conftest.c >&5
configure:2973: $? = 0
configure:2990: result: yes
configure:2995: checking whether gcc accepts -g
configure:3025: gcc -c -g  conftest.c >&5
configure:3031: $? = 0
configure:3130: result: yes
configure:3147: checking for gcc option to accept ISO C89
configure:3221: gcc  -c -g -O2  conftest.c >&5
configure:3227: $? = 0
configure:3250: result: none needed
configure:3279: checking for style of include used by make
configure:3307: result: GNU
configure:3332: checking dependency style of gcc
configure:3423: result: gcc3
configure:3443: checking how to run the C preprocessor
configure:3483: gcc -E  conftest.c
configure:3489: $? = 0
configure:3520: gcc -E  conftest.c
conftest.c:10:28: fatal error: ac_nonexistent.h: No such file or directory
 #include <ac_nonexistent.h>
                            ^
compilation terminated.
configure:3526: $? = 1
configure: failed program was:
| /* confdefs.h.  */
| #define PACKAGE_NAME ""
| #define PACKAGE_TARNAME ""
| #define PACKAGE_VERSION ""
| #define PACKAGE_STRING ""
| #define PACKAGE_BUGREPORT ""
| #define PACKAGE "gq"
| #define VERSION "1.2.3"
| /* end confdefs.h.  */
| #include <ac_nonexistent.h>
configure:3559: result: gcc -E
configure:3588: gcc -E  conftest.c
configure:3594: $? = 0
configure:3625: gcc -E  conftest.c
conftest.c:10:28: fatal error: ac_nonexistent.h: No such file or directory
 #include <ac_nonexistent.h>
                            ^
compilation terminated.
configure:3631: $? = 1
configure: failed program was:
| /* confdefs.h.  */
| #define PACKAGE_NAME ""
| #define PACKAGE_TARNAME ""
| #define PACKAGE_VERSION ""
| #define PACKAGE_STRING ""
| #define PACKAGE_BUGREPORT ""
| #define PACKAGE "gq"
| #define VERSION "1.2.3"
| /* end confdefs.h.  */
| #include <ac_nonexistent.h>
configure:3669: checking for library containing strerror
configure:3710: gcc -o conftest -g -O2   conftest.c  >&5
configure:3716: $? = 0
configure:3744: result: none required
configure:3764: checking for intltool >= 0.35.0
configure:3771: result: 0.36.2 found
configure:3829: checking for perl
configure:3847: found /usr/bin/perl
configure:3859: result: /usr/bin/perl
configure:3878: checking for XML::Parser
configure:3881: result: ok
configure:3918: gcc -o conftest -g -O2   conftest.c  >&5
configure:3924: $? = 0
configure:4044: checking whether make sets $(MAKE)
configure:4065: result: yes
configure:4392: checking dependency style of 
configure:4483: result: none
configure:4548: checking for pkg-config
configure:4566: found /usr/bin/pkg-config
configure:4578: result: /usr/bin/pkg-config
configure:4607: checking pkg-config is at least version 0.9.0
configure:4610: result: yes
configure:4621: checking for GQ
configure:4633: $PKG_CONFIG --exists --print-errors "glib-2.0 >= 2.6
		      gtk+-2.0 >= 2.6
		      $gnome_keyring
		      libglade-2.0
		      libxml-2.0"
configure:4640: $? = 0
configure:4663: $PKG_CONFIG --exists --print-errors "glib-2.0 >= 2.6
		      gtk+-2.0 >= 2.6
		      $gnome_keyring
		      libglade-2.0
		      libxml-2.0"
configure:4670: $? = 0
configure:4766: result: yes
configure:4771: checking for glib-mkenums
configure:4775: result: glib-mkenums
configure:4790: checking for update-mime-database
configure:4818: result: yes
configure:4857: checking for backtrace
configure:4913: gcc -o conftest -g -O2   conftest.c  >&5
configure:4919: $? = 0
configure:4937: result: yes
configure:4857: checking for backtrace_symbols
configure:4913: gcc -o conftest -g -O2   conftest.c  >&5
configure:4919: $? = 0
configure:4937: result: yes
configure:4961: checking for res_gethostbyaddr in -lresolv
configure:4996: gcc -o conftest -g -O2   conftest.c -lresolv   >&5
configure:5002: $? = 0
configure:5020: result: yes
configure:5043: checking for grep that handles long lines and -e
configure:5117: result: /bin/grep
configure:5122: checking for egrep
configure:5200: result: /bin/grep -E
configure:5205: checking for ANSI C header files
configure:5235: gcc -c -g -O2  conftest.c >&5
configure:5241: $? = 0
configure:5340: gcc -o conftest -g -O2   conftest.c -lresolv  >&5
configure:5343: $? = 0
configure:5349: ./conftest
configure:5352: $? = 0
configure:5369: result: yes
configure:5393: checking for sys/types.h
configure:5414: gcc -c -g -O2  conftest.c >&5
configure:5420: $? = 0
configure:5436: result: yes
configure:5393: checking for sys/stat.h
configure:5414: gcc -c -g -O2  conftest.c >&5
configure:5420: $? = 0
configure:5436: result: yes
configure:5393: checking for stdlib.h
configure:5414: gcc -c -g -O2  conftest.c >&5
configure:5420: $? = 0
configure:5436: result: yes
configure:5393: checking for string.h
configure:5414: gcc -c -g -O2  conftest.c >&5
configure:5420: $? = 0
configure:5436: result: yes
configure:5393: checking for memory.h
configure:5414: gcc -c -g -O2  conftest.c >&5
configure:5420: $? = 0
configure:5436: result: yes
configure:5393: checking for strings.h
configure:5414: gcc -c -g -O2  conftest.c >&5
configure:5420: $? = 0
configure:5436: result: yes
configure:5393: checking for inttypes.h
configure:5414: gcc -c -g -O2  conftest.c >&5
configure:5420: $? = 0
configure:5436: result: yes
configure:5393: checking for stdint.h
configure:5414: gcc -c -g -O2  conftest.c >&5
configure:5420: $? = 0
configure:5436: result: yes
configure:5393: checking for unistd.h
configure:5414: gcc -c -g -O2  conftest.c >&5
configure:5420: $? = 0
configure:5436: result: yes
configure:5463: checking ldap.h usability
configure:5480: gcc -c -g -O2  conftest.c >&5
configure:5486: $? = 0
configure:5500: result: yes
configure:5504: checking ldap.h presence
configure:5519: gcc -E  conftest.c
configure:5525: $? = 0
configure:5539: result: yes
configure:5567: checking for ldap.h
configure:5575: result: yes
configure:5593: checking for ber_alloc in -llber
configure:5628: gcc -o conftest -g -O2   conftest.c -llber  -lresolv  >&5
configure:5634: $? = 0
configure:5652: result: yes
configure:5667: checking for ldap_simple_bind in -lldap
configure:5703: gcc -o conftest -g -O2   conftest.c -lldap 
 -lresolv  -llber >&5
configure:5709: $? = 0
configure:5727: result: yes
configure:5738: checking OpenLDAP version
configure:5771: result: 2
configure:5799: checking whether OpenLDAP needs LDAP_DEPRECATED
configure:5822: result: no
configure:5833: checking for ldap_start_tls_s in -lldap
configure:5868: gcc -o conftest -g -O2   conftest.c -lldap  -lldap  -lresolv  -llber >&5
configure:5874: $? = 0
configure:5892: result: yes
configure:5925: checking for libgcrypt-config
configure:5943: found /usr/bin/libgcrypt-config
configure:5956: result: /usr/bin/libgcrypt-config
configure:5973: checking for LIBGCRYPT - version >= 1.2.0
configure:6007: result: yes
configure:6055: checking for CRYPTO
configure:6065: $PKG_CONFIG --exists --print-errors "
	libcrypto
	"
Package libcrypto was not found in the pkg-config search path.
Perhaps you should add the directory containing `libcrypto.pc'
to the PKG_CONFIG_PATH environment variable
No package 'libcrypto' found
configure:6070: $? = 1
configure:6089: $PKG_CONFIG --exists --print-errors "
	libcrypto
	"
Package libcrypto was not found in the pkg-config search path.
Perhaps you should add the directory containing `libcrypto.pc'
to the PKG_CONFIG_PATH environment variable
No package 'libcrypto' found
configure:6094: $? = 1
No package 'libcrypto' found
configure:6128: result: no
configure:6131: result: no
configure:6164: checking for SSL_new in -lssl
configure:6199: gcc -o conftest -g -O2   conftest.c -lssl  -lldap  -lresolv  -llber >&5
/usr/lib/gcc/i686-pc-linux-gnu/4.9.2/../../../../i686-pc-linux-gnu/bin/ld: cannot find -lssl
collect2: error: ld returned 1 exit status
configure:6205: $? = 1
configure: failed program was:
| /* confdefs.h.  */
| #define PACKAGE_NAME ""
| #define PACKAGE_TARNAME ""
| #define PACKAGE_VERSION ""
| #define PACKAGE_STRING ""
| #define PACKAGE_BUGREPORT ""
| #define PACKAGE "gq"
| #define VERSION "1.2.3"
| #define DEBUG 1
| #define HAVE_BACKTRACE 1
| #define HAVE_BACKTRACE_SYMBOLS 1
| #define STDC_HEADERS 1
| #define HAVE_SYS_TYPES_H 1
| #define HAVE_SYS_STAT_H 1
| #define HAVE_STDLIB_H 1
| #define HAVE_STRING_H 1
| #define HAVE_MEMORY_H 1
| #define HAVE_STRINGS_H 1
| #define HAVE_INTTYPES_H 1
| #define HAVE_STDINT_H 1
| #define HAVE_UNISTD_H 1
| #define HAVE_LDAP_H 1
| #define HAVE_LLBER "-llber"
| #define HAVE_OPENLDAP2 1
| #define FOUND_OPENLDAP_VERSION 2
| #define HAVE_TLS 1
| #define HAVE_LIBGCRYPT 1
| /* end confdefs.h.  */
| 
| /* Override any GCC internal prototype to avoid an error.
|    Use char because int might match the return type of a GCC
|    builtin and then its argument prototype would still apply.  */
| #ifdef __cplusplus
| extern "C"
| #endif
| char SSL_new ();
| int
| main ()
| {
| return SSL_new ();
|   ;
|   return 0;
| }
configure:6223: result: no
configure:6246: checking for ldap_str2objectclass
configure:6302: gcc -o conftest -g -O2   conftest.c -lldap  -lresolv  -llber >&5
configure:6308: $? = 0
configure:6326: result: yes
configure:6246: checking for ldap_memfree
configure:6302: gcc -o conftest -g -O2   conftest.c -lldap  -lresolv  -llber >&5
configure:6308: $? = 0
configure:6326: result: yes
configure:6246: checking for ldap_rename
configure:6302: gcc -o conftest -g -O2   conftest.c -lldap  -lresolv  -llber >&5
configure:6308: $? = 0
configure:6326: result: yes
configure:6246: checking for ldap_str2dn
configure:6302: gcc -o conftest -g -O2   conftest.c -lldap  -lresolv  -llber >&5
configure:6308: $? = 0
configure:6326: result: yes
configure:6246: checking for ldap_initialize
configure:6302: gcc -o conftest -g -O2   conftest.c -lldap  -lresolv  -llber >&5
configure:6308: $? = 0
configure:6326: result: yes
configure:6246: checking for iswspace
configure:6302: gcc -o conftest -g -O2   conftest.c -lldap  -lresolv  -llber >&5
conftest.c:57:6: warning: conflicting types for built-in function 'iswspace'
 char iswspace ();
      ^
configure:6308: $? = 0
configure:6326: result: yes
configure:6246: checking for snprintf
configure:6302: gcc -o conftest -g -O2   conftest.c -lldap  -lresolv  -llber >&5
conftest.c:58:6: warning: conflicting types for built-in function 'snprintf'
 char snprintf ();
      ^
configure:6308: $? = 0
configure:6326: result: yes
configure:6246: checking for g_snprintf
configure:6302: gcc -o conftest -g -O2   conftest.c -lldap  -lresolv  -llber >&5
/tmp/ccyD1gdm.o: In function `main':
/home/joerg/gq-1.2.3_fixed_old/conftest.c:70: undefined reference to `g_snprintf'
collect2: error: ld returned 1 exit status
configure:6308: $? = 1
configure: failed program was:
| /* confdefs.h.  */
| #define PACKAGE_NAME ""
| #define PACKAGE_TARNAME ""
| #define PACKAGE_VERSION ""
| #define PACKAGE_STRING ""
| #define PACKAGE_BUGREPORT ""
| #define PACKAGE "gq"
| #define VERSION "1.2.3"
| #define DEBUG 1
| #define HAVE_BACKTRACE 1
| #define HAVE_BACKTRACE_SYMBOLS 1
| #define STDC_HEADERS 1
| #define HAVE_SYS_TYPES_H 1
| #define HAVE_SYS_STAT_H 1
| #define HAVE_STDLIB_H 1
| #define HAVE_STRING_H 1
| #define HAVE_MEMORY_H 1
| #define HAVE_STRINGS_H 1
| #define HAVE_INTTYPES_H 1
| #define HAVE_STDINT_H 1
| #define HAVE_UNISTD_H 1
| #define HAVE_LDAP_H 1
| #define HAVE_LLBER "-llber"
| #define HAVE_OPENLDAP2 1
| #define FOUND_OPENLDAP_VERSION 2
| #define HAVE_TLS 1
| #define HAVE_LIBGCRYPT 1
| #define HAVE_LDAP_STR2OBJECTCLASS 1
| #define HAVE_LDAP_MEMFREE 1
| #define HAVE_LDAP_RENAME 1
| #define HAVE_LDAP_STR2DN 1
| #define HAVE_LDAP_INITIALIZE 1
| #define HAVE_ISWSPACE 1
| #define HAVE_SNPRINTF 1
| /* end confdefs.h.  */
| /* Define g_snprintf to an innocuous variant, in case <limits.h> declares g_snprintf.
|    For example, HP-UX 11i <limits.h> declares gettimeofday.  */
| #define g_snprintf innocuous_g_snprintf
| 
| /* System header to define __stub macros and hopefully few prototypes,
|     which can conflict with char g_snprintf (); below.
|     Prefer <limits.h> to <assert.h> if __STDC__ is defined, since
|     <limits.h> exists even on freestanding compilers.  */
| 
| #ifdef __STDC__
| # include <limits.h>
| #else
| # include <assert.h>
| #endif
| 
| #undef g_snprintf
| 
| /* Override any GCC internal prototype to avoid an error.
|    Use char because int might match the return type of a GCC
|    builtin and then its argument prototype would still apply.  */
| #ifdef __cplusplus
| extern "C"
| #endif
| char g_snprintf ();
| /* The GNU C library defines this for functions which it implements
|     to always fail with ENOSYS.  Some functions are actually named
|     something starting with __ and the normal name is an alias.  */
| #if defined __stub_g_snprintf || defined __stub___g_snprintf
| choke me
| #endif
| 
| int
| main ()
| {
| return g_snprintf ();
|   ;
|   return 0;
| }
configure:6326: result: no
configure:6368: checking sasl.h usability
configure:6385: gcc -c -g -O2  conftest.c >&5
conftest.c:69:18: fatal error: sasl.h: No such file or directory
 #include <sasl.h>
                  ^
compilation terminated.
configure:6391: $? = 1
configure: failed program was:
| /* confdefs.h.  */
| #define PACKAGE_NAME ""
| #define PACKAGE_TARNAME ""
| #define PACKAGE_VERSION ""
| #define PACKAGE_STRING ""
| #define PACKAGE_BUGREPORT ""
| #define PACKAGE "gq"
| #define VERSION "1.2.3"
| #define DEBUG 1
| #define HAVE_BACKTRACE 1
| #define HAVE_BACKTRACE_SYMBOLS 1
| #define STDC_HEADERS 1
| #define HAVE_SYS_TYPES_H 1
| #define HAVE_SYS_STAT_H 1
| #define HAVE_STDLIB_H 1
| #define HAVE_STRING_H 1
| #define HAVE_MEMORY_H 1
| #define HAVE_STRINGS_H 1
| #define HAVE_INTTYPES_H 1
| #define HAVE_STDINT_H 1
| #define HAVE_UNISTD_H 1
| #define HAVE_LDAP_H 1
| #define HAVE_LLBER "-llber"
| #define HAVE_OPENLDAP2 1
| #define FOUND_OPENLDAP_VERSION 2
| #define HAVE_TLS 1
| #define HAVE_LIBGCRYPT 1
| #define HAVE_LDAP_STR2OBJECTCLASS 1
| #define HAVE_LDAP_MEMFREE 1
| #define HAVE_LDAP_RENAME 1
| #define HAVE_LDAP_STR2DN 1
| #define HAVE_LDAP_INITIALIZE 1
| #define HAVE_ISWSPACE 1
| #define HAVE_SNPRINTF 1
| /* end confdefs.h.  */
| #include <stdio.h>
| #ifdef HAVE_SYS_TYPES_H
| # include <sys/types.h>
| #endif
| #ifdef HAVE_SYS_STAT_H
| # include <sys/stat.h>
| #endif
| #ifdef STDC_HEADERS
| # include <stdlib.h>
| # include <stddef.h>
| #else
| # ifdef HAVE_STDLIB_H
| #  include <stdlib.h>
| # endif
| #endif
| #ifdef HAVE_STRING_H
| # if !defined STDC_HEADERS && defined HAVE_MEMORY_H
| #  include <memory.h>
| # endif
| # include <string.h>
| #endif
| #ifdef HAVE_STRINGS_H
| # include <strings.h>
| #endif
| #ifdef HAVE_INTTYPES_H
| # include <inttypes.h>
| #endif
| #ifdef HAVE_STDINT_H
| # include <stdint.h>
| #endif
| #ifdef HAVE_UNISTD_H
| # include <unistd.h>
| #endif
| #include <sasl.h>
configure:6405: result: no
configure:6409: checking sasl.h presence
configure:6424: gcc -E  conftest.c
conftest.c:36:18: fatal error: sasl.h: No such file or directory
 #include <sasl.h>
                  ^
compilation terminated.
configure:6430: $? = 1
configure: failed program was:
| /* confdefs.h.  */
| #define PACKAGE_NAME ""
| #define PACKAGE_TARNAME ""
| #define PACKAGE_VERSION ""
| #define PACKAGE_STRING ""
| #define PACKAGE_BUGREPORT ""
| #define PACKAGE "gq"
| #define VERSION "1.2.3"
| #define DEBUG 1
| #define HAVE_BACKTRACE 1
| #define HAVE_BACKTRACE_SYMBOLS 1
| #define STDC_HEADERS 1
| #define HAVE_SYS_TYPES_H 1
| #define HAVE_SYS_STAT_H 1
| #define HAVE_STDLIB_H 1
| #define HAVE_STRING_H 1
| #define HAVE_MEMORY_H 1
| #define HAVE_STRINGS_H 1
| #define HAVE_INTTYPES_H 1
| #define HAVE_STDINT_H 1
| #define HAVE_UNISTD_H 1
| #define HAVE_LDAP_H 1
| #define HAVE_LLBER "-llber"
| #define HAVE_OPENLDAP2 1
| #define FOUND_OPENLDAP_VERSION 2
| #define HAVE_TLS 1
| #define HAVE_LIBGCRYPT 1
| #define HAVE_LDAP_STR2OBJECTCLASS 1
| #define HAVE_LDAP_MEMFREE 1
| #define HAVE_LDAP_RENAME 1
| #define HAVE_LDAP_STR2DN 1
| #define HAVE_LDAP_INITIALIZE 1
| #define HAVE_ISWSPACE 1
| #define HAVE_SNPRINTF 1
| /* end confdefs.h.  */
| #include <sasl.h>
configure:6444: result: no
configure:6472: checking for sasl.h
configure:6480: result: no
configure:6509: checking sasl/sasl.h usability
configure:6526: gcc -c -g -O2  conftest.c >&5
configure:6532: $? = 0
configure:6546: result: yes
configure:6550: checking sasl/sasl.h presence
configure:6565: gcc -E  conftest.c
configure:6571: $? = 0
configure:6585: result: yes
configure:6613: checking for sasl/sasl.h
configure:6621: result: yes
configure:6648: checking whether struct tm is in sys/time.h or time.h
configure:6678: gcc -c -g -O2  conftest.c >&5
configure:6684: $? = 0
configure:6699: result: time.h
configure:6710: checking tm_gmtoff in struct tm
configure:6742: gcc -c -g -O2  conftest.c >&5
conftest.c: In function 'main':
conftest.c:46:5: warning: incompatible implicit declaration of built-in function 'exit'
     exit(0);
     ^
configure:6748: $? = 0
configure:6765: result: yes
configure:6768: checking __tm_gmtoff in struct tm
configure:6800: gcc -c -g -O2  conftest.c >&5
conftest.c: In function 'main':
conftest.c:45:6: error: 'struct tm' has no member named '__tm_gmtoff'
     t.__tm_gmtoff = 0;
      ^
conftest.c:46:5: warning: incompatible implicit declaration of built-in function 'exit'
     exit(0);
     ^
configure:6806: $? = 1
configure: failed program was:
| /* confdefs.h.  */
| #define PACKAGE_NAME ""
| #define PACKAGE_TARNAME ""
| #define PACKAGE_VERSION ""
| #define PACKAGE_STRING ""
| #define PACKAGE_BUGREPORT ""
| #define PACKAGE "gq"
| #define VERSION "1.2.3"
| #define DEBUG 1
| #define HAVE_BACKTRACE 1
| #define HAVE_BACKTRACE_SYMBOLS 1
| #define STDC_HEADERS 1
| #define HAVE_SYS_TYPES_H 1
| #define HAVE_SYS_STAT_H 1
| #define HAVE_STDLIB_H 1
| #define HAVE_STRING_H 1
| #define HAVE_MEMORY_H 1
| #define HAVE_STRINGS_H 1
| #define HAVE_INTTYPES_H 1
| #define HAVE_STDINT_H 1
| #define HAVE_UNISTD_H 1
| #define HAVE_LDAP_H 1
| #define HAVE_LLBER "-llber"
| #define HAVE_OPENLDAP2 1
| #define FOUND_OPENLDAP_VERSION 2
| #define HAVE_TLS 1
| #define HAVE_LIBGCRYPT 1
| #define HAVE_LDAP_STR2OBJECTCLASS 1
| #define HAVE_LDAP_MEMFREE 1
| #define HAVE_LDAP_RENAME 1
| #define HAVE_LDAP_STR2DN 1
| #define HAVE_LDAP_INITIALIZE 1
| #define HAVE_ISWSPACE 1
| #define HAVE_SNPRINTF 1
| #define HAVE_SASL_SASL_H 1
| #define HAVE_SASL 1
| /* end confdefs.h.  */
| #include <time.h>
| 				#include <time.h>
| 
| int
| main ()
| {
| struct tm t;
| 				t.__tm_gmtoff = 0;
| 				exit(0);
| 
|   ;
|   return 0;
| }
configure:6823: result: no
configure:6926: checking iconv.h usability
configure:6943: gcc -c -g -O2  conftest.c >&5
configure:6949: $? = 0
configure:6963: result: yes
configure:6967: checking iconv.h presence
configure:6982: gcc -E  conftest.c
configure:6988: $? = 0
configure:7002: result: yes
configure:7030: checking for iconv.h
configure:7038: result: yes
configure:7053: checking for iconv_open in -liconv
configure:7088: gcc -o conftest -g -O2   conftest.c -liconv  -lldap  -lresolv  -llber >&5
/usr/lib/gcc/i686-pc-linux-gnu/4.9.2/../../../../i686-pc-linux-gnu/bin/ld: cannot find -liconv
collect2: error: ld returned 1 exit status
configure:7094: $? = 1
configure: failed program was:
| /* confdefs.h.  */
| #define PACKAGE_NAME ""
| #define PACKAGE_TARNAME ""
| #define PACKAGE_VERSION ""
| #define PACKAGE_STRING ""
| #define PACKAGE_BUGREPORT ""
| #define PACKAGE "gq"
| #define VERSION "1.2.3"
| #define DEBUG 1
| #define HAVE_BACKTRACE 1
| #define HAVE_BACKTRACE_SYMBOLS 1
| #define STDC_HEADERS 1
| #define HAVE_SYS_TYPES_H 1
| #define HAVE_SYS_STAT_H 1
| #define HAVE_STDLIB_H 1
| #define HAVE_STRING_H 1
| #define HAVE_MEMORY_H 1
| #define HAVE_STRINGS_H 1
| #define HAVE_INTTYPES_H 1
| #define HAVE_STDINT_H 1
| #define HAVE_UNISTD_H 1
| #define HAVE_LDAP_H 1
| #define HAVE_LLBER "-llber"
| #define HAVE_OPENLDAP2 1
| #define FOUND_OPENLDAP_VERSION 2
| #define HAVE_TLS 1
| #define HAVE_LIBGCRYPT 1
| #define HAVE_LDAP_STR2OBJECTCLASS 1
| #define HAVE_LDAP_MEMFREE 1
| #define HAVE_LDAP_RENAME 1
| #define HAVE_LDAP_STR2DN 1
| #define HAVE_LDAP_INITIALIZE 1
| #define HAVE_ISWSPACE 1
| #define HAVE_SNPRINTF 1
| #define HAVE_SASL_SASL_H 1
| #define HAVE_SASL 1
| #define HAVE_TM_GMTOFF 1
| #define TM_GMTOFF tm_gmtoff
| #define HAVE_ICONV_H 1
| /* end confdefs.h.  */
| 
| /* Override any GCC internal prototype to avoid an error.
|    Use char because int might match the return type of a GCC
|    builtin and then its argument prototype would still apply.  */
| #ifdef __cplusplus
| extern "C"
| #endif
| char iconv_open ();
| int
| main ()
| {
| return iconv_open ();
|   ;
|   return 0;
| }
configure:7112: result: no
configure:7125: checking proper naming of ISO-8859-1 for iconv
configure:7158: gcc -o conftest -g -O2   conftest.c -lldap  -lresolv  -llber >&5
configure:7161: $? = 0
configure:7167: ./conftest
configure:7170: $? = 0
configure:7212: gcc -o conftest -g -O2   conftest.c -lldap  -lresolv  -llber >&5
configure:7215: $? = 0
configure:7221: ./conftest
configure:7224: $? = 0
configure:7240: result: ISO-8859-1
configure:7265: checking for mallinfo
configure:7321: gcc -o conftest -g -O2   conftest.c -lldap  -lresolv  -llber >&5
configure:7327: $? = 0
configure:7344: result: yes
configure:7354: checking for mcheck
configure:7410: gcc -o conftest -g -O2   conftest.c -lldap  -lresolv  -llber >&5
configure:7416: $? = 0
configure:7433: result: yes
configure:7574: checking whether gcc understands -Wall
configure:7597: gcc -c -g -O2 -Wall  conftest.c >&5
configure:7603: $? = 0
configure:7620: result: yes
configure:7574: checking whether gcc understands -W
configure:7597: gcc -c -g -O2 -W  conftest.c >&5
configure:7603: $? = 0
configure:7620: result: yes
configure:7574: checking whether gcc understands -Wno-unused
configure:7597: gcc -c -g -O2 -Wno-unused  conftest.c >&5
configure:7603: $? = 0
configure:7620: result: yes
configure:7574: checking whether gcc understands -Wmissing-declarations
configure:7597: gcc -c -g -O2 -Wmissing-declarations  conftest.c >&5
configure:7603: $? = 0
configure:7620: result: yes
configure:7574: checking whether gcc understands -Wcast-align
configure:7597: gcc -c -g -O2 -Wcast-align  conftest.c >&5
configure:7603: $? = 0
configure:7620: result: yes
configure:7574: checking whether gcc understands -Wpointer-arith
configure:7597: gcc -c -g -O2 -Wpointer-arith  conftest.c >&5
configure:7603: $? = 0
configure:7620: result: yes
configure:7574: checking whether gcc understands -Wfloat-equal
configure:7597: gcc -c -g -O2 -Wfloat-equal  conftest.c >&5
configure:7603: $? = 0
configure:7620: result: yes
configure:7574: checking whether gcc understands -Werror
configure:7597: gcc -c -g -O2 -Werror  conftest.c >&5
configure:7603: $? = 0
configure:7620: result: yes
configure:7671: checking prefix
configure:7679: result: /usr/local
configure:7696: checking build system type
configure:7714: result: i686-pc-linux-gnu
configure:7736: checking host system type
configure:7751: result: i686-pc-linux-gnu
configure:7789: checking locale.h usability
configure:7806: gcc -c -g -O2  conftest.c >&5
configure:7812: $? = 0
configure:7826: result: yes
configure:7830: checking locale.h presence
configure:7845: gcc -E  conftest.c
configure:7851: $? = 0
configure:7865: result: yes
configure:7893: checking for locale.h
configure:7901: result: yes
configure:7915: checking for LC_MESSAGES
configure:7941: gcc -o conftest -g -O2   conftest.c -lldap  -lresolv  -llber >&5
configure:7947: $? = 0
configure:7964: result: yes
configure:7993: checking libintl.h usability
configure:8010: gcc -c -g -O2  conftest.c >&5
configure:8016: $? = 0
configure:8030: result: yes
configure:8034: checking libintl.h presence
configure:8049: gcc -E  conftest.c
configure:8055: $? = 0
configure:8069: result: yes
configure:8097: checking for libintl.h
configure:8104: result: yes
configure:8115: checking for ngettext in libc
configure:8143: gcc -o conftest -g -O2   conftest.c -lldap  -lresolv  -llber >&5
configure:8149: $? = 0
configure:8167: result: yes
configure:8171: checking for dgettext in libc
configure:8199: gcc -o conftest -g -O2   conftest.c -lldap  -lresolv  -llber >&5
configure:8205: $? = 0
configure:8223: result: yes
configure:8232: checking for bind_textdomain_codeset
configure:8288: gcc -o conftest -g -O2   conftest.c -lldap  -lresolv  -llber >&5
configure:8294: $? = 0
configure:8312: result: yes
configure:8799: checking for msgfmt
configure:8826: result: /usr/bin/msgfmt
configure:8839: checking for dcgettext
configure:8895: gcc -o conftest -g -O2   conftest.c -lldap  -lresolv  -llber  >&5
conftest.c:73:6: warning: conflicting types for built-in function 'dcgettext'
 char dcgettext ();
      ^
configure:8901: $? = 0
configure:8919: result: yes
configure:8930: checking if msgfmt accepts -c
configure:8945: $MSGFMT -c -o /dev/null conftest.foo
conftest.foo:3: warning: header field 'Language' missing in header
configure:8948: $? = 0
configure:8950: result: yes
configure:8960: checking for gmsgfmt
configure:8978: found /usr/bin/gmsgfmt
configure:8991: result: /usr/bin/gmsgfmt
configure:9001: checking for xgettext
configure:9028: result: /usr/bin/xgettext
configure:9057: gcc -o conftest -g -O2   conftest.c -lldap  -lresolv  -llber  >&5
configure:9063: $? = 0
configure:9498: creating ./config.status

## ---------------------- ##
## Running config.status. ##
## ---------------------- ##

This file was extended by config.status, which was
generated by GNU Autoconf 2.61.  Invocation command line was

  CONFIG_FILES    = 
  CONFIG_HEADERS  = 
  CONFIG_LINKS    = 
  CONFIG_COMMANDS = 
  $ ./config.status 

on someserver.tld

config.status:733: creating Makefile
config.status:733: creating data/Makefile
config.status:733: creating icons/Makefile
config.status:733: creating pixmaps/Makefile
config.status:733: creating po/Makefile.in
config.status:733: creating src/Makefile
config.status:733: creating test/Makefile
config.status:733: creating gq.spec
config.status:733: creating config.h
config.status:1048: executing depfiles commands
config.status:1048: executing intltool commands
config.status:1048: executing default-1 commands
config.status:1048: executing po/stamp-it commands

## ---------------- ##
## Cache variables. ##
## ---------------- ##

ac_cv_build=i686-pc-linux-gnu
ac_cv_c_compiler_gnu=yes
ac_cv_env_CC_set=
ac_cv_env_CC_value=
ac_cv_env_CFLAGS_set=
ac_cv_env_CFLAGS_value=
ac_cv_env_CPPFLAGS_set=
ac_cv_env_CPPFLAGS_value=
ac_cv_env_CPP_set=
ac_cv_env_CPP_value=
ac_cv_env_CRYPTO_CFLAGS_set=
ac_cv_env_CRYPTO_CFLAGS_value=
ac_cv_env_CRYPTO_LIBS_set=
ac_cv_env_CRYPTO_LIBS_value=
ac_cv_env_GQ_CFLAGS_set=
ac_cv_env_GQ_CFLAGS_value=
ac_cv_env_GQ_LIBS_set=
ac_cv_env_GQ_LIBS_value=
ac_cv_env_LDFLAGS_set=
ac_cv_env_LDFLAGS_value=
ac_cv_env_LIBS_set=
ac_cv_env_LIBS_value=
ac_cv_env_PKG_CONFIG_set=
ac_cv_env_PKG_CONFIG_value=
ac_cv_env_build_alias_set=
ac_cv_env_build_alias_value=
ac_cv_env_host_alias_set=
ac_cv_env_host_alias_value=
ac_cv_env_target_alias_set=
ac_cv_env_target_alias_value=
ac_cv_func_backtrace=yes
ac_cv_func_backtrace_symbols=yes
ac_cv_func_bind_textdomain_codeset=yes
ac_cv_func_dcgettext=yes
ac_cv_func_g_snprintf=no
ac_cv_func_iswspace=yes
ac_cv_func_ldap_initialize=yes
ac_cv_func_ldap_memfree=yes
ac_cv_func_ldap_rename=yes
ac_cv_func_ldap_str2dn=yes
ac_cv_func_ldap_str2objectclass=yes
ac_cv_func_mallinfo=yes
ac_cv_func_mcheck=yes
ac_cv_func_snprintf=yes
ac_cv_header_iconv_h=yes
ac_cv_header_inttypes_h=yes
ac_cv_header_ldap_h=yes
ac_cv_header_libintl_h=yes
ac_cv_header_locale_h=yes
ac_cv_header_memory_h=yes
ac_cv_header_sasl_h=no
ac_cv_header_sasl_sasl_h=yes
ac_cv_header_stdc=yes
ac_cv_header_stdint_h=yes
ac_cv_header_stdlib_h=yes
ac_cv_header_string_h=yes
ac_cv_header_strings_h=yes
ac_cv_header_sys_stat_h=yes
ac_cv_header_sys_types_h=yes
ac_cv_header_unistd_h=yes
ac_cv_host=i686-pc-linux-gnu
ac_cv_lib_iconv_iconv_open=no
ac_cv_lib_lber_ber_alloc=yes
ac_cv_lib_ldap_ldap_simple_bind=yes
ac_cv_lib_ldap_ldap_start_tls_s=yes
ac_cv_lib_resolv_res_gethostbyaddr=yes
ac_cv_lib_ssl_SSL_new=no
ac_cv_objext=o
ac_cv_path_EGREP='/bin/grep -E'
ac_cv_path_GMSGFMT=/usr/bin/gmsgfmt
ac_cv_path_GREP=/bin/grep
ac_cv_path_INTLTOOL_PERL=/usr/bin/perl
ac_cv_path_LIBGCRYPT_CONFIG=/usr/bin/libgcrypt-config
ac_cv_path_MSGFMT=/usr/bin/msgfmt
ac_cv_path_XGETTEXT=/usr/bin/xgettext
ac_cv_path_ac_pt_PKG_CONFIG=/usr/bin/pkg-config
ac_cv_path_install='/usr/bin/install -c'
ac_cv_path_mkdir=/bin/mkdir
ac_cv_prog_AWK=gawk
ac_cv_prog_CPP='gcc -E'
ac_cv_prog_ac_ct_CC=gcc
ac_cv_prog_cc_c89=
ac_cv_prog_cc_g=yes
ac_cv_prog_enable_update_mimedb=yes
ac_cv_prog_make_make_set=yes
ac_cv_search_strerror='none required'
ac_cv_struct_tm=time.h
am_cv_CC_dependencies_compiler_type=gcc3
am_cv_OBJC_dependencies_compiler_type=none
am_cv_val_LC_MESSAGES=yes
gq_cv_OpenLDAP_version=2
gq_cv_enable_werror=1
gq_cv_have___tm_gmtoff=no
gq_cv_have_tm_gmtoff=yes
gq_cv_iso_8859_1_naming=ISO-8859-1
gq_cv_ldap_deprecated=no
gt_cv_func_dgettext_libc=yes
gt_cv_func_dgettext_libintl=no
gt_cv_func_ngettext_libc=yes
gt_cv_have_gettext=yes
pkg_cv_GQ_CFLAGS='-pthread -I/usr/include/gnome-keyring-1 -I/usr/include/libglade-2.0 -I/usr/include/gtk-2.0 -I/usr/lib/gtk-2.0/include -I/usr/include/pango-1.0 -I/usr/include/atk-1.0 -I/usr/include/cairo -I/usr/include/pixman-1 -I/usr/include/libdrm -I/usr/include/gdk-pixbuf-2.0 -I/usr/include/libpng16 -I/usr/include/pango-1.0 -I/usr/include/harfbuzz -I/usr/include/pango-1.0 -I/usr/include/glib-2.0 -I/usr/lib/glib-2.0/include -I/usr/include/freetype2 -I/usr/include/libxml2 '
pkg_cv_GQ_LIBS='-lgnome-keyring -lglade-2.0 -lgtk-x11-2.0 -lgdk-x11-2.0 -lpangocairo-1.0 -latk-1.0 -lcairo -lgdk_pixbuf-2.0 -lgio-2.0 -lpangoft2-1.0 -lpango-1.0 -lgobject-2.0 -lglib-2.0 -lfontconfig -lfreetype -lxml2 '

## ----------------- ##
## Output variables. ##
## ----------------- ##

ACLOCAL='${SHELL} /home/joerg/gq-1.2.3_fixed_old/missing --run aclocal-1.10 -I macros'
ALL_LINGUAS=''
AMDEPBACKSLASH='\'
AMDEP_FALSE='#'
AMDEP_TRUE=''
AMTAR='${SHELL} /home/joerg/gq-1.2.3_fixed_old/missing --run tar'
AUTOCONF='${SHELL} /home/joerg/gq-1.2.3_fixed_old/missing --run autoconf'
AUTOHEADER='${SHELL} /home/joerg/gq-1.2.3_fixed_old/missing --run autoheader'
AUTOMAKE='${SHELL} /home/joerg/gq-1.2.3_fixed_old/missing --run automake-1.10'
AWK='gawk'
CATALOGS=''
CATOBJEXT='.gmo'
CC='gcc'
CCDEPMODE='depmode=gcc3'
CFLAGS='-g -O2'
CPP='gcc -E'
CPPFLAGS=''
CRYPTO_CFLAGS=''
CRYPTO_LIBS=''
CYGPATH_W='echo'
DATADIRNAME='share'
DEFS='-DHAVE_CONFIG_H'
DEPDIR='.deps'
DISTCHECK_CONFIGURE_FLAGS='--disable-update-mimedb --enable-browser-dnd --enable-werror'
ECHO_C=''
ECHO_N='-n'
ECHO_T=''
EGREP='/bin/grep -E'
ENABLE_UPDATE_MIMEDB_FALSE='#'
ENABLE_UPDATE_MIMEDB_TRUE=''
EXEEXT=''
GETTEXT_PACKAGE='gq'
GLIB_MKENUMS='glib-mkenums'
GMOFILES=''
GMSGFMT='/usr/bin/gmsgfmt'
GQ_CFLAGS='-pthread -I/usr/include/gnome-keyring-1 -I/usr/include/libglade-2.0 -I/usr/include/gtk-2.0 -I/usr/lib/gtk-2.0/include -I/usr/include/pango-1.0 -I/usr/include/atk-1.0 -I/usr/include/cairo -I/usr/include/pixman-1 -I/usr/include/libdrm -I/usr/include/gdk-pixbuf-2.0 -I/usr/include/libpng16 -I/usr/include/pango-1.0 -I/usr/include/harfbuzz -I/usr/include/pango-1.0 -I/usr/include/glib-2.0 -I/usr/lib/glib-2.0/include -I/usr/include/freetype2 -I/usr/include/libxml2 '
GQ_LIBS='-lgnome-keyring -lglade-2.0 -lgtk-x11-2.0 -lgdk-x11-2.0 -lpangocairo-1.0 -latk-1.0 -lcairo -lgdk_pixbuf-2.0 -lgio-2.0 -lpangoft2-1.0 -lpango-1.0 -lgobject-2.0 -lglib-2.0 -lfontconfig -lfreetype -lxml2 '
GREP='/bin/grep'
INSIDE_GNOME_COMMON_FALSE=''
INSIDE_GNOME_COMMON_TRUE='#'
INSTALL_DATA='${INSTALL} -m 644'
INSTALL_PROGRAM='${INSTALL}'
INSTALL_SCRIPT='${INSTALL}'
INSTALL_STRIP_PROGRAM='$(install_sh) -c -s'
INSTOBJEXT='.mo'
INTLLIBS=''
INTLTOOL_CAVES_RULE='%.caves:     %.caves.in     $(INTLTOOL_MERGE) $(wildcard $(top_srcdir)/po/*.po) ; LC_ALL=C $(INTLTOOL_MERGE) -d -u -c $(top_builddir)/po/.intltool-merge-cache $(top_srcdir)/po $< $@'
INTLTOOL_DESKTOP_RULE='%.desktop:   %.desktop.in   $(INTLTOOL_MERGE) $(wildcard $(top_srcdir)/po/*.po) ; LC_ALL=C $(INTLTOOL_MERGE) -d -u -c $(top_builddir)/po/.intltool-merge-cache $(top_srcdir)/po $< $@'
INTLTOOL_DIRECTORY_RULE='%.directory: %.directory.in $(INTLTOOL_MERGE) $(wildcard $(top_srcdir)/po/*.po) ; LC_ALL=C $(INTLTOOL_MERGE) -d -u -c $(top_builddir)/po/.intltool-merge-cache $(top_srcdir)/po $< $@'
INTLTOOL_EXTRACT='$(top_builddir)/intltool-extract'
INTLTOOL_KBD_RULE='%.kbd:       %.kbd.in       $(INTLTOOL_MERGE) $(wildcard $(top_srcdir)/po/*.po) ; LC_ALL=C $(INTLTOOL_MERGE) -x -u -m -c $(top_builddir)/po/.intltool-merge-cache $(top_srcdir)/po $< $@'
INTLTOOL_KEYS_RULE='%.keys:      %.keys.in      $(INTLTOOL_MERGE) $(wildcard $(top_srcdir)/po/*.po) ; LC_ALL=C $(INTLTOOL_MERGE) -k -u -c $(top_builddir)/po/.intltool-merge-cache $(top_srcdir)/po $< $@'
INTLTOOL_MERGE='$(top_builddir)/intltool-merge'
INTLTOOL_OAF_RULE='%.oaf:       %.oaf.in       $(INTLTOOL_MERGE) $(wildcard $(top_srcdir)/po/*.po) ; LC_ALL=C $(INTLTOOL_MERGE) -o -p $(top_srcdir)/po $< $@'
INTLTOOL_PERL='/usr/bin/perl'
INTLTOOL_POLICY_RULE='%.policy:    %.policy.in    $(INTLTOOL_MERGE) $(wildcard $(top_srcdir)/po/*.po) ; LC_ALL=C $(INTLTOOL_MERGE) -x -u -c $(top_builddir)/po/.intltool-merge-cache $(top_srcdir)/po $< $@'
INTLTOOL_PONG_RULE='%.pong:      %.pong.in      $(INTLTOOL_MERGE) $(wildcard $(top_srcdir)/po/*.po) ; LC_ALL=C $(INTLTOOL_MERGE) -x -u -c $(top_builddir)/po/.intltool-merge-cache $(top_srcdir)/po $< $@'
INTLTOOL_PROP_RULE='%.prop:      %.prop.in      $(INTLTOOL_MERGE) $(wildcard $(top_srcdir)/po/*.po) ; LC_ALL=C $(INTLTOOL_MERGE) -d -u -c $(top_builddir)/po/.intltool-merge-cache $(top_srcdir)/po $< $@'
INTLTOOL_SCHEMAS_RULE='%.schemas:   %.schemas.in   $(INTLTOOL_MERGE) $(wildcard $(top_srcdir)/po/*.po) ; LC_ALL=C $(INTLTOOL_MERGE) -s -u -c $(top_builddir)/po/.intltool-merge-cache $(top_srcdir)/po $< $@'
INTLTOOL_SERVER_RULE='%.server:    %.server.in    $(INTLTOOL_MERGE) $(wildcard $(top_srcdir)/po/*.po) ; LC_ALL=C $(INTLTOOL_MERGE) -o -u -c $(top_builddir)/po/.intltool-merge-cache $(top_srcdir)/po $< $@'
INTLTOOL_SERVICE_RULE='%.service: %.service.in   $(INTLTOOL_MERGE) $(wildcard $(top_srcdir)/po/*.po) ; LC_ALL=C $(INTLTOOL_MERGE) -d -u -c $(top_builddir)/po/.intltool-merge-cache $(top_srcdir)/po $< $@'
INTLTOOL_SHEET_RULE='%.sheet:     %.sheet.in     $(INTLTOOL_MERGE) $(wildcard $(top_srcdir)/po/*.po) ; LC_ALL=C $(INTLTOOL_MERGE) -x -u -c $(top_builddir)/po/.intltool-merge-cache $(top_srcdir)/po $< $@'
INTLTOOL_SOUNDLIST_RULE='%.soundlist: %.soundlist.in $(INTLTOOL_MERGE) $(wildcard $(top_srcdir)/po/*.po) ; LC_ALL=C $(INTLTOOL_MERGE) -d -u -c $(top_builddir)/po/.intltool-merge-cache $(top_srcdir)/po $< $@'
INTLTOOL_THEME_RULE='%.theme:     %.theme.in     $(INTLTOOL_MERGE) $(wildcard $(top_srcdir)/po/*.po) ; LC_ALL=C $(INTLTOOL_MERGE) -d -u -c $(top_builddir)/po/.intltool-merge-cache $(top_srcdir)/po $< $@'
INTLTOOL_UI_RULE='%.ui:        %.ui.in        $(INTLTOOL_MERGE) $(wildcard $(top_srcdir)/po/*.po) ; LC_ALL=C $(INTLTOOL_MERGE) -x -u -c $(top_builddir)/po/.intltool-merge-cache $(top_srcdir)/po $< $@'
INTLTOOL_UPDATE='$(top_builddir)/intltool-update'
INTLTOOL_XAM_RULE='%.xam:       %.xml.in       $(INTLTOOL_MERGE) $(wildcard $(top_srcdir)/po/*.po) ; LC_ALL=C $(INTLTOOL_MERGE) -x -u -c $(top_builddir)/po/.intltool-merge-cache $(top_srcdir)/po $< $@'
INTLTOOL_XML_NOMERGE_RULE='%.xml:       %.xml.in       $(INTLTOOL_MERGE) ; LC_ALL=C $(INTLTOOL_MERGE) -x -u /tmp $< $@'
INTLTOOL_XML_RULE='%.xml:       %.xml.in       $(INTLTOOL_MERGE) $(wildcard $(top_srcdir)/po/*.po) ; LC_ALL=C $(INTLTOOL_MERGE) -x -u -c $(top_builddir)/po/.intltool-merge-cache $(top_srcdir)/po $< $@'
LANGPACK_VERSION='1'
LDFLAGS=''
LIBGCRYPT_CFLAGS=''
LIBGCRYPT_CONFIG='/usr/bin/libgcrypt-config'
LIBGCRYPT_LIBS='-lgcrypt -lgpg-error'
LIBOBJS=''
LIBS='-lldap  -lresolv  -llber'
LTLIBOBJS=''
MAKEINFO='${SHELL} /home/joerg/gq-1.2.3_fixed_old/missing --run makeinfo'
MKINSTALLDIRS='./mkinstalldirs'
MSGFMT='/usr/bin/msgfmt'
MSGFMT_OPTS='-c'
OBJC=''
OBJCDEPMODE='depmode=none'
OBJC_LDFLAGS=''
OBJEXT='o'
PACKAGE='gq'
PACKAGE_BUGREPORT=''
PACKAGE_LOCALE_DIR='/usr/local/share/locale'
PACKAGE_NAME=''
PACKAGE_PREFIX='/usr/local'
PACKAGE_STRING=''
PACKAGE_TARNAME=''
PACKAGE_VERSION=''
PATH_SEPARATOR=':'
PKG_CONFIG='/usr/bin/pkg-config'
POFILES=''
POSUB='po'
PO_IN_DATADIR_FALSE=''
PO_IN_DATADIR_TRUE=''
SET_MAKE=''
SHELL='/bin/sh'
STRIP=''
USE_NLS='yes'
VERSION='1.2.3'
WARN_CFLAGS=' -Wall -W -Wno-unused -Wmissing-declarations -Wcast-align -Wpointer-arith -Wfloat-equal'
WERROR_CFLAGS=' -Werror'
WITH_APPLE_KEYCHAIN_FALSE=''
WITH_APPLE_KEYCHAIN_TRUE='#'
WITH_GNOME_KEYRING_FALSE='#'
WITH_GNOME_KEYRING_TRUE=''
WITH_WERROR_FALSE=''
WITH_WERROR_TRUE='#'
XGETTEXT='/usr/bin/xgettext'
ac_ct_CC='gcc'
ac_ct_OBJC=''
am__fastdepCC_FALSE='#'
am__fastdepCC_TRUE=''
am__fastdepOBJC_FALSE=''
am__fastdepOBJC_TRUE='#'
am__include='include'
am__isrc=''
am__leading_dot='.'
am__quote=''
am__tar='${AMTAR} chof - "$$tardir"'
am__untar='${AMTAR} xf -'
bindir='${exec_prefix}/bin'
build='i686-pc-linux-gnu'
build_alias=''
build_cpu='i686'
build_os='linux-gnu'
build_vendor='pc'
datadir='${datarootdir}'
datarootdir='${prefix}/share'
docdir='${datarootdir}/doc/${PACKAGE}'
dvidir='${docdir}'
enable_update_mimedb='yes'
exec_prefix='${prefix}'
host='i686-pc-linux-gnu'
host_alias=''
host_cpu='i686'
host_os='linux-gnu'
host_vendor='pc'
htmldir='${docdir}'
includedir='${prefix}/include'
infodir='${datarootdir}/info'
install_sh='$(SHELL) /home/joerg/gq-1.2.3_fixed_old/install-sh'
libdir='${exec_prefix}/lib'
libexecdir='${exec_prefix}/libexec'
localedir='/usr/local/share/locale'
localstatedir='${prefix}/var'
mandir='${datarootdir}/man'
mkdir_p='/bin/mkdir -p'
oldincludedir='/usr/include'
pdfdir='${docdir}'
prefix='/usr/local'
program_transform_name='s,x,x,'
psdir='${docdir}'
sbindir='${exec_prefix}/sbin'
sharedstatedir='${prefix}/com'
sysconfdir='${prefix}/etc'
target_alias=''

## ----------- ##
## confdefs.h. ##
## ----------- ##

#define PACKAGE_NAME ""
#define PACKAGE_TARNAME ""
#define PACKAGE_VERSION ""
#define PACKAGE_STRING ""
#define PACKAGE_BUGREPORT ""
#define PACKAGE "gq"
#define VERSION "1.2.3"
#define DEBUG 1
#define HAVE_BACKTRACE 1
#define HAVE_BACKTRACE_SYMBOLS 1
#define STDC_HEADERS 1
#define HAVE_SYS_TYPES_H 1
#define HAVE_SYS_STAT_H 1
#define HAVE_STDLIB_H 1
#define HAVE_STRING_H 1
#define HAVE_MEMORY_H 1
#define HAVE_STRINGS_H 1
#define HAVE_INTTYPES_H 1
#define HAVE_STDINT_H 1
#define HAVE_UNISTD_H 1
#define HAVE_LDAP_H 1
#define HAVE_LLBER "-llber"
#define HAVE_OPENLDAP2 1
#define FOUND_OPENLDAP_VERSION 2
#define HAVE_TLS 1
#define HAVE_LIBGCRYPT 1
#define HAVE_LDAP_STR2OBJECTCLASS 1
#define HAVE_LDAP_MEMFREE 1
#define HAVE_LDAP_RENAME 1
#define HAVE_LDAP_STR2DN 1
#define HAVE_LDAP_INITIALIZE 1
#define HAVE_ISWSPACE 1
#define HAVE_SNPRINTF 1
#define HAVE_SASL_SASL_H 1
#define HAVE_SASL 1
#define HAVE_TM_GMTOFF 1
#define TM_GMTOFF tm_gmtoff
#define HAVE_ICONV_H 1
#define HAVE_ICONV 1
#define ISO8859_1 "ISO-8859-1"
#define HAVE_MALLINFO 1
#define HAVE_MCHECK 1
#define PACKAGE_PREFIX "/usr/local"
#define HAVE_LOCALE_H 1
#define HAVE_LC_MESSAGES 1
#define HAVE_BIND_TEXTDOMAIN_CODESET 1
#define HAVE_GETTEXT 1
#define HAVE_DCGETTEXT 1
#define ENABLE_NLS 1
#define GETTEXT_PACKAGE "gq"
#define PACKAGE_LOCALE_DIR "/usr/local/share/locale"
#define LOCALEDIR "/usr/local/share/locale"

configure: exit 0
